<?xml version="1.0" encoding="UTF-8"?>
<!-- Generated by org.testng.reporters.JUnitReportReporter -->
<testsuite hostname="CO-IT014503" failures="0" tests="1" name="com.automation.training.AnnotationTests" time="0.008" errors="0" timestamp="27 Jul 2020 19:14:41 GMT">
  <testcase classname="com.automation.training.AnnotationTests" name="testConcact" time="0.008"/>
</testsuite> <!-- com.automation.training.AnnotationTests -->
